d:\sourcecodes\protect\main\main\x64\release\vc143.pdb
d:\sourcecodes\protect\main\main\x64\release\main.obj
d:\sourcecodes\protect\main\x64\release\main.exe
d:\sourcecodes\protect\main\x64\release\main.pdb
d:\sourcecodes\protect\main\main\x64\release\main.ipdb
d:\sourcecodes\protect\main\main\x64\release\main.iobj
d:\sourcecodes\crackme-with-protect-main\main\main\x64\release\main.obj
d:\sourcecodes\crackme-with-protect-main\main\main\x64\release\main.ipdb
d:\sourcecodes\crackme-with-protect-main\main\main\x64\release\main.iobj
d:\sourcecodes\crackme-with-protect-main\main\main\x64\release\vc143.pdb
d:\sourcecodes\crackme-with-protect-main\main\x64\release\main.pdb
d:\sourcecodes\crackme-with-protect-main\main\x64\release\main.exe
d:\sourcecodes\crackme-with-protect-main\main\main\x64\release\main.tlog\cl.read.1.tlog
d:\sourcecodes\crackme-with-protect-main\main\main\x64\release\main.tlog\cl.write.1.tlog
d:\sourcecodes\crackme-with-protect-main\main\main\x64\release\main.tlog\cl.command.1.tlog
d:\sourcecodes\crackme-with-protect-main\main\main\x64\release\main.tlog\link.read.86.tlog
d:\sourcecodes\crackme-with-protect-main\main\main\x64\release\main.tlog\link.write.1.tlog
d:\sourcecodes\crackme-with-protect-main\main\main\x64\release\main.tlog\link.secondary.1.tlog
d:\sourcecodes\crackme-with-protect-main\main\main\x64\release\main.tlog\link.command.1.tlog
d:\sourcecodes\crackme-with-protect-main\main\main\x64\release\main.tlog\cl.items.tlog
